<?xml version="1.0" encoding="UTF-8"?>
<!-- Generated by org.testng.reporters.JUnitReportReporter -->
<testsuite hostname="NBC07K07HITSQ" name="Lab.RunAppium2" tests="1" failures="0" timestamp="17 Sep 2018 09:26:52 GMT" time="5.012" errors="0">
  <testcase name="startingAppiumServer" time="5.012" classname="Lab.RunAppium2"/>
</testsuite> <!-- Lab.RunAppium2 -->
