<?xml version="1.0" encoding="UTF-8"?>
<!-- Generated by org.testng.reporters.JUnitReportReporter -->
<testsuite hostname="NBC07K07HITSQ" name="Lab.RunAppium1" tests="1" failures="0" timestamp="17 Sep 2018 09:18:40 GMT" time="5.007" errors="0">
  <testcase name="startingAppiumServer" time="5.007" classname="Lab.RunAppium1"/>
</testsuite> <!-- Lab.RunAppium1 -->
