<?xml version="1.0" encoding="UTF-8"?>
<!-- Generated by org.testng.reporters.JUnitReportReporter -->
<testsuite hostname="NBC07K07HITSQ" name="Lab.RunAppium" tests="1" failures="0" timestamp="14 Sep 2018 08:22:51 GMT" time="5.012" errors="0">
  <testcase name="startingAppiumServer" time="5.012" classname="Lab.RunAppium"/>
</testsuite> <!-- Lab.RunAppium -->
